<?xml version="1.0" encoding="UTF-8"?>
<testng-results total="3" passed="3" failed="0" skipped="0">
  <reporter-output>
  </reporter-output>
  <suite started-at="2022-10-20T12:54:59Z" name="Default suite" finished-at="2022-10-20T12:55:37Z" duration-ms="37983">
    <groups>
    </groups>
    <test started-at="2022-10-20T12:54:59Z" name="Default test" finished-at="2022-10-20T12:55:37Z" duration-ms="37983">
      <class name="casestudy255.Testng5">
        <test-method is-config="true" signature="BT()[pri:0, instance:casestudy255.Testng5@46b61c56]" started-at="2022-10-20T18:24:59Z" name="BT" finished-at="2022-10-20T18:25:14Z" duration-ms="15309" status="PASS">
          <reporter-output>
          </reporter-output>
        </test-method> <!-- BT -->
        <test-method signature="testcase1()[pri:0, instance:casestudy255.Testng5@46b61c56]" started-at="2022-10-20T18:25:14Z" name="testcase1" finished-at="2022-10-20T18:25:17Z" duration-ms="3346" status="PASS">
          <reporter-output>
          </reporter-output>
        </test-method> <!-- testcase1 -->
        <test-method signature="testcase2()[pri:1, instance:casestudy255.Testng5@46b61c56]" started-at="2022-10-20T18:25:17Z" name="testcase2" finished-at="2022-10-20T18:25:21Z" duration-ms="4097" status="PASS">
          <reporter-output>
          </reporter-output>
        </test-method> <!-- testcase2 -->
        <test-method signature="testcase3()[pri:2, instance:casestudy255.Testng5@46b61c56]" started-at="2022-10-20T18:25:21Z" name="testcase3" finished-at="2022-10-20T18:25:32Z" duration-ms="10454" status="PASS">
          <reporter-output>
          </reporter-output>
        </test-method> <!-- testcase3 -->
        <test-method is-config="true" signature="B()[pri:0, instance:casestudy255.Testng5@46b61c56]" started-at="2022-10-20T18:25:32Z" name="B" finished-at="2022-10-20T18:25:37Z" duration-ms="4748" status="PASS">
          <reporter-output>
          </reporter-output>
        </test-method> <!-- B -->
      </class> <!-- casestudy255.Testng5 -->
    </test> <!-- Default test -->
  </suite> <!-- Default suite -->
</testng-results>
